<?xml version="1.0" encoding="UTF-8"?>
<!-- Generated by org.testng.reporters.JUnitReportReporter -->
<testsuite hostname="LAPTOP-I8P5TER3" failures="0" tests="1" name="runner.TestRunner" time="14.348" errors="0" timestamp="2025-03-11T10:41:59 IST" skipped="0">
  <testcase classname="runner.TestRunner" name="runScenario" time="14.348"/>
  <system-out/>
</testsuite> <!-- runner.TestRunner -->
