<?xml version="1.0" encoding="UTF-8"?>
<!-- Generated by org.testng.reporters.JUnitReportReporter -->
<testsuite hostname="LAPTOP-I8P5TER3" failures="0" tests="1" name="runner.TestRunner" time="15.153" errors="0" timestamp="2025-03-06T10:40:39 IST" skipped="0">
  <testcase classname="runner.TestRunner" name="runScenario" time="15.153"/>
  <system-out/>
</testsuite> <!-- runner.TestRunner -->
